<?xml version="1.0" encoding="UTF-8"?>
<!-- Generated by org.testng.reporters.JUnitXMLReporter -->
<testsuite ignored="0" hostname="Neelima" failures="0" tests="3" name="tests" time="34.945" errors="0" timestamp="2025-02-11T16:29:32 IST">
  <testcase classname="com.SerialandParallelExecution.OHRMMain" name="LOGOUT" time="11.944"/>
  <testcase classname="com.SerialandParallelExecution.OHRMMain" name="LoginTest" time="10.558"/>
  <testcase classname="com.SerialandParallelExecution.FacebookMain" name="Facebooklogintest" time="0.487"/>
</testsuite> <!-- tests -->
