<?xml version="1.0" encoding="UTF-8"?>
<testng-results ignored="0" total="1" passed="1" failed="0" skipped="0">
  <reporter-output>
  </reporter-output>
  <suite started-at="2025-02-07T12:01:41 IST" name="Default suite" finished-at="2025-02-07T12:01:41 IST" duration-ms="84">
    <groups>
    </groups>
    <test started-at="2025-02-07T12:01:41 IST" name="Default test" finished-at="2025-02-07T12:01:41 IST" duration-ms="84">
      <class name="com.TestNG.TestNGBasic">
        <test-method signature="TestMethod()[pri:0, instance:com.TestNG.TestNGBasic@1b6e1eff]" started-at="2025-02-07T12:01:41 IST" name="TestMethod" finished-at="2025-02-07T12:01:41 IST" duration-ms="14" status="PASS">
          <reporter-output>
          </reporter-output>
        </test-method> <!-- TestMethod -->
      </class> <!-- com.TestNG.TestNGBasic -->
    </test> <!-- Default test -->
  </suite> <!-- Default suite -->
</testng-results>
